\BOOKMARK [0][-]{chapter.1}{\376\377\0001\000\040\000C\000l\000a\000s\000s\000\040\000I\000n\000d\000e\000x}{}% 1
\BOOKMARK [1][-]{section.1.1}{\376\377\0001\000.\0001\000\040\000C\000l\000a\000s\000s\000\040\000L\000i\000s\000t}{chapter.1}% 2
\BOOKMARK [0][-]{chapter.2}{\376\377\0002\000\040\000F\000i\000l\000e\000\040\000I\000n\000d\000e\000x}{}% 3
\BOOKMARK [1][-]{section.2.1}{\376\377\0002\000.\0001\000\040\000F\000i\000l\000e\000\040\000L\000i\000s\000t}{chapter.2}% 4
\BOOKMARK [0][-]{chapter.3}{\376\377\0003\000\040\000C\000l\000a\000s\000s\000\040\000D\000o\000c\000u\000m\000e\000n\000t\000a\000t\000i\000o\000n}{}% 5
\BOOKMARK [1][-]{section.3.1}{\376\377\0003\000.\0001\000\040\000l\000i\000n\000k\000e\000d\000l\000i\000s\000t\000\137\000i\000n\000t\000\040\000S\000t\000r\000u\000c\000t\000\040\000R\000e\000f\000e\000r\000e\000n\000c\000e}{chapter.3}% 6
\BOOKMARK [2][-]{subsection.3.1.1}{\376\377\0003\000.\0001\000.\0001\000\040\000D\000e\000t\000a\000i\000l\000e\000d\000\040\000D\000e\000s\000c\000r\000i\000p\000t\000i\000o\000n}{section.3.1}% 7
\BOOKMARK [1][-]{section.3.2}{\376\377\0003\000.\0002\000\040\000l\000n\000o\000d\000e\000\137\000i\000n\000t\000\137\000t\000\040\000S\000t\000r\000u\000c\000t\000\040\000R\000e\000f\000e\000r\000e\000n\000c\000e}{chapter.3}% 8
\BOOKMARK [2][-]{subsection.3.2.1}{\376\377\0003\000.\0002\000.\0001\000\040\000D\000e\000t\000a\000i\000l\000e\000d\000\040\000D\000e\000s\000c\000r\000i\000p\000t\000i\000o\000n}{section.3.2}% 9
\BOOKMARK [1][-]{section.3.3}{\376\377\0003\000.\0003\000\040\000s\000c\000c\000\137\000s\000e\000t\000\137\000t\000\040\000S\000t\000r\000u\000c\000t\000\040\000R\000e\000f\000e\000r\000e\000n\000c\000e}{chapter.3}% 10
\BOOKMARK [0][-]{chapter.4}{\376\377\0004\000\040\000F\000i\000l\000e\000\040\000D\000o\000c\000u\000m\000e\000n\000t\000a\000t\000i\000o\000n}{}% 11
\BOOKMARK [1][-]{section.4.1}{\376\377\0004\000.\0001\000\040\000c\000o\000m\000m\000o\000n\000/\000s\000r\000c\000/\000c\000u\000d\000a\000\137\000g\000r\000a\000p\000h\000.\000c\000\040\000F\000i\000l\000e\000\040\000R\000e\000f\000e\000r\000e\000n\000c\000e}{chapter.4}% 12
\BOOKMARK [2][-]{subsection.4.1.1}{\376\377\0004\000.\0001\000.\0001\000\040\000D\000e\000t\000a\000i\000l\000e\000d\000\040\000D\000e\000s\000c\000r\000i\000p\000t\000i\000o\000n}{section.4.1}% 13
\BOOKMARK [2][-]{subsection.4.1.2}{\376\377\0004\000.\0001\000.\0002\000\040\000F\000u\000n\000c\000t\000i\000o\000n\000\040\000D\000o\000c\000u\000m\000e\000n\000t\000a\000t\000i\000o\000n}{section.4.1}% 14
\BOOKMARK [3][-]{subsubsection.4.1.2.1}{\376\377\0004\000.\0001\000.\0002\000.\0001\000\040\000c\000u\000d\000a\000\137\000g\000r\000a\000p\000h\000\137\000l\000o\000a\000d\000\137\000f\000r\000o\000m\000\137\000f\000i\000l\000e\000\050\000\051}{subsection.4.1.2}% 15
\BOOKMARK [3][-]{subsubsection.4.1.2.2}{\376\377\0004\000.\0001\000.\0002\000.\0002\000\040\000c\000u\000d\000a\000\137\000g\000r\000a\000p\000h\000\137\000t\000o\000\137\000g\000r\000a\000p\000h\000\050\000\051}{subsection.4.1.2}% 16
\BOOKMARK [1][-]{section.4.2}{\376\377\0004\000.\0002\000\040\000c\000o\000m\000m\000o\000n\000/\000s\000r\000c\000/\000g\000r\000a\000p\000h\000.\000c\000\040\000F\000i\000l\000e\000\040\000R\000e\000f\000e\000r\000e\000n\000c\000e}{chapter.4}% 17
\BOOKMARK [2][-]{subsection.4.2.1}{\376\377\0004\000.\0002\000.\0001\000\040\000D\000e\000t\000a\000i\000l\000e\000d\000\040\000D\000e\000s\000c\000r\000i\000p\000t\000i\000o\000n}{section.4.2}% 18
\BOOKMARK [2][-]{subsection.4.2.2}{\376\377\0004\000.\0002\000.\0002\000\040\000F\000u\000n\000c\000t\000i\000o\000n\000\040\000D\000o\000c\000u\000m\000e\000n\000t\000a\000t\000i\000o\000n}{section.4.2}% 19
\BOOKMARK [3][-]{subsubsection.4.2.2.1}{\376\377\0004\000.\0002\000.\0002\000.\0001\000\040\000g\000r\000a\000p\000h\000\137\000c\000o\000p\000y\000\050\000\051}{subsection.4.2.2}% 20
\BOOKMARK [3][-]{subsubsection.4.2.2.2}{\376\377\0004\000.\0002\000.\0002\000.\0002\000\040\000g\000r\000a\000p\000h\000\137\000d\000e\000l\000e\000t\000e\000\137\000e\000d\000g\000e\000\050\000\051}{subsection.4.2.2}% 21
\BOOKMARK [3][-]{subsubsection.4.2.2.3}{\376\377\0004\000.\0002\000.\0002\000.\0003\000\040\000g\000r\000a\000p\000h\000\137\000d\000e\000l\000e\000t\000e\000\137\000v\000e\000r\000t\000e\000x\000\050\000\051}{subsection.4.2.2}% 22
\BOOKMARK [3][-]{subsubsection.4.2.2.4}{\376\377\0004\000.\0002\000.\0002\000.\0004\000\040\000g\000r\000a\000p\000h\000\137\000d\000e\000s\000e\000r\000i\000a\000l\000i\000z\000e\000\050\000\051}{subsection.4.2.2}% 23
\BOOKMARK [3][-]{subsubsection.4.2.2.5}{\376\377\0004\000.\0002\000.\0002\000.\0005\000\040\000g\000r\000a\000p\000h\000\137\000f\000r\000e\000e\000\050\000\051}{subsection.4.2.2}% 24
\BOOKMARK [3][-]{subsubsection.4.2.2.6}{\376\377\0004\000.\0002\000.\0002\000.\0006\000\040\000g\000r\000a\000p\000h\000\137\000f\000u\000l\000l\000y\000\137\000c\000o\000n\000n\000e\000c\000t\000e\000d\000\137\000d\000i\000s\000c\000o\000n\000n\000e\000c\000t\000e\000d\000\050\000\051}{subsection.4.2.2}% 25
\BOOKMARK [3][-]{subsubsection.4.2.2.7}{\376\377\0004\000.\0002\000.\0002\000.\0007\000\040\000g\000r\000a\000p\000h\000\137\000g\000e\000t\000\137\000n\000u\000m\000\137\000v\000e\000r\000t\000e\000x\000\050\000\051}{subsection.4.2.2}% 26
\BOOKMARK [3][-]{subsubsection.4.2.2.8}{\376\377\0004\000.\0002\000.\0002\000.\0008\000\040\000g\000r\000a\000p\000h\000\137\000i\000n\000i\000t\000\050\000\051}{subsection.4.2.2}% 27
\BOOKMARK [3][-]{subsubsection.4.2.2.9}{\376\377\0004\000.\0002\000.\0002\000.\0009\000\040\000g\000r\000a\000p\000h\000\137\000i\000n\000s\000e\000r\000t\000\137\000e\000d\000g\000e\000\050\000\051}{subsection.4.2.2}% 28
\BOOKMARK [3][-]{subsubsection.4.2.2.10}{\376\377\0004\000.\0002\000.\0002\000.\0001\0000\000\040\000g\000r\000a\000p\000h\000\137\000i\000n\000s\000e\000r\000t\000\137\000v\000e\000r\000t\000e\000x\000\050\000\051}{subsection.4.2.2}% 29
\BOOKMARK [3][-]{subsubsection.4.2.2.11}{\376\377\0004\000.\0002\000.\0002\000.\0001\0001\000\040\000g\000r\000a\000p\000h\000\137\000l\000o\000a\000d\000\137\000f\000r\000o\000m\000\137\000f\000i\000l\000e\000\050\000\051}{subsection.4.2.2}% 30
\BOOKMARK [3][-]{subsubsection.4.2.2.12}{\376\377\0004\000.\0002\000.\0002\000.\0001\0002\000\040\000g\000r\000a\000p\000h\000\137\000m\000e\000r\000g\000e\000\050\000\051}{subsection.4.2.2}% 31
\BOOKMARK [3][-]{subsubsection.4.2.2.13}{\376\377\0004\000.\0002\000.\0002\000.\0001\0003\000\040\000g\000r\000a\000p\000h\000\137\000m\000e\000r\000g\000e\000\137\000v\000e\000r\000t\000i\000c\000e\000s\000\050\000\051}{subsection.4.2.2}% 32
\BOOKMARK [3][-]{subsubsection.4.2.2.14}{\376\377\0004\000.\0002\000.\0002\000.\0001\0004\000\040\000g\000r\000a\000p\000h\000\137\000p\000r\000i\000n\000t\000\137\000d\000e\000b\000u\000g\000\050\000\051}{subsection.4.2.2}% 33
\BOOKMARK [3][-]{subsubsection.4.2.2.15}{\376\377\0004\000.\0002\000.\0002\000.\0001\0005\000\040\000g\000r\000a\000p\000h\000\137\000r\000a\000n\000d\000o\000m\000\050\000\051}{subsection.4.2.2}% 34
\BOOKMARK [3][-]{subsubsection.4.2.2.16}{\376\377\0004\000.\0002\000.\0002\000.\0001\0006\000\040\000g\000r\000a\000p\000h\000\137\000s\000a\000v\000e\000\137\000t\000o\000\137\000f\000i\000l\000e\000\050\000\051}{subsection.4.2.2}% 35
\BOOKMARK [3][-]{subsubsection.4.2.2.17}{\376\377\0004\000.\0002\000.\0002\000.\0001\0007\000\040\000g\000r\000a\000p\000h\000\137\000s\000e\000r\000i\000a\000l\000i\000z\000e\000\050\000\051}{subsection.4.2.2}% 36
\BOOKMARK [3][-]{subsubsection.4.2.2.18}{\376\377\0004\000.\0002\000.\0002\000.\0001\0008\000\040\000g\000r\000a\000p\000h\000\137\000t\000a\000r\000j\000a\000n\000\050\000\051}{subsection.4.2.2}% 37
\BOOKMARK [3][-]{subsubsection.4.2.2.19}{\376\377\0004\000.\0002\000.\0002\000.\0001\0009\000\040\000g\000r\000a\000p\000h\000\137\000t\000a\000r\000j\000a\000n\000\137\000f\000o\000r\000e\000a\000c\000h\000\050\000\051}{subsection.4.2.2}% 38
\BOOKMARK [3][-]{subsubsection.4.2.2.20}{\376\377\0004\000.\0002\000.\0002\000.\0002\0000\000\040\000g\000r\000a\000p\000h\000\137\000t\000a\000r\000j\000a\000n\000\137\000f\000o\000r\000e\000a\000c\000h\000\137\000h\000e\000l\000p\000e\000r\000\050\000\051}{subsection.4.2.2}% 39
\BOOKMARK [3][-]{subsubsection.4.2.2.21}{\376\377\0004\000.\0002\000.\0002\000.\0002\0001\000\040\000g\000r\000a\000p\000h\000\137\000t\000a\000r\000j\000a\000n\000\137\000h\000e\000l\000p\000e\000r\000\050\000\051}{subsection.4.2.2}% 40
\BOOKMARK [3][-]{subsubsection.4.2.2.22}{\376\377\0004\000.\0002\000.\0002\000.\0002\0002\000\040\000m\000i\000n\000\050\000\051}{subsection.4.2.2}% 41
\BOOKMARK [3][-]{subsubsection.4.2.2.23}{\376\377\0004\000.\0002\000.\0002\000.\0002\0003\000\040\000s\000c\000c\000\137\000s\000e\000t\000\137\000a\000d\000d\000\050\000\051}{subsection.4.2.2}% 42
\BOOKMARK [3][-]{subsubsection.4.2.2.24}{\376\377\0004\000.\0002\000.\0002\000.\0002\0004\000\040\000s\000c\000c\000\137\000s\000e\000t\000\137\000c\000o\000n\000t\000a\000i\000n\000s\000\050\000\051}{subsection.4.2.2}% 43
\BOOKMARK [3][-]{subsubsection.4.2.2.25}{\376\377\0004\000.\0002\000.\0002\000.\0002\0005\000\040\000s\000c\000c\000\137\000s\000e\000t\000\137\000f\000r\000e\000e\000\050\000\051}{subsection.4.2.2}% 44
\BOOKMARK [3][-]{subsubsection.4.2.2.26}{\376\377\0004\000.\0002\000.\0002\000.\0002\0006\000\040\000s\000c\000c\000\137\000s\000e\000t\000\137\000i\000n\000i\000t\000\050\000\051}{subsection.4.2.2}% 45
\BOOKMARK [3][-]{subsubsection.4.2.2.27}{\376\377\0004\000.\0002\000.\0002\000.\0002\0007\000\040\000s\000c\000c\000\137\000s\000e\000t\000\137\000l\000o\000a\000d\000\137\000f\000r\000o\000m\000\137\000f\000i\000l\000e\000\050\000\051}{subsection.4.2.2}% 46
\BOOKMARK [3][-]{subsubsection.4.2.2.28}{\376\377\0004\000.\0002\000.\0002\000.\0002\0008\000\040\000s\000c\000c\000\137\000s\000e\000t\000\137\000m\000e\000r\000g\000e\000\050\000\051}{subsection.4.2.2}% 47
\BOOKMARK [3][-]{subsubsection.4.2.2.29}{\376\377\0004\000.\0002\000.\0002\000.\0002\0009\000\040\000s\000c\000c\000\137\000s\000e\000t\000\137\000p\000r\000i\000n\000t\000\137\000d\000e\000b\000u\000g\000\050\000\051}{subsection.4.2.2}% 48
\BOOKMARK [3][-]{subsubsection.4.2.2.30}{\376\377\0004\000.\0002\000.\0002\000.\0003\0000\000\040\000s\000c\000c\000\137\000s\000e\000t\000\137\000s\000a\000v\000e\000\137\000t\000o\000\137\000f\000i\000l\000e\000\050\000\051}{subsection.4.2.2}% 49
\BOOKMARK [1][-]{section.4.3}{\376\377\0004\000.\0003\000\040\000c\000o\000m\000m\000o\000n\000/\000s\000r\000c\000/\000l\000i\000n\000k\000e\000d\000l\000i\000s\000t\000.\000c\000\040\000F\000i\000l\000e\000\040\000R\000e\000f\000e\000r\000e\000n\000c\000e}{chapter.4}% 50
\BOOKMARK [2][-]{subsection.4.3.1}{\376\377\0004\000.\0003\000.\0001\000\040\000D\000e\000t\000a\000i\000l\000e\000d\000\040\000D\000e\000s\000c\000r\000i\000p\000t\000i\000o\000n}{section.4.3}% 51
\BOOKMARK [2][-]{subsection.4.3.2}{\376\377\0004\000.\0003\000.\0002\000\040\000F\000u\000n\000c\000t\000i\000o\000n\000\040\000D\000o\000c\000u\000m\000e\000n\000t\000a\000t\000i\000o\000n}{section.4.3}% 52
\BOOKMARK [3][-]{subsubsection.4.3.2.1}{\376\377\0004\000.\0003\000.\0002\000.\0001\000\040\000l\000i\000n\000k\000e\000d\000l\000i\000s\000t\000\137\000i\000n\000t\000\137\000d\000e\000l\000e\000t\000e\000\050\000\051}{subsection.4.3.2}% 53
\BOOKMARK [3][-]{subsubsection.4.3.2.2}{\376\377\0004\000.\0003\000.\0002\000.\0002\000\040\000l\000i\000n\000k\000e\000d\000l\000i\000s\000t\000\137\000i\000n\000t\000\137\000d\000e\000q\000u\000e\000u\000e\000\050\000\051}{subsection.4.3.2}% 54
\BOOKMARK [3][-]{subsubsection.4.3.2.3}{\376\377\0004\000.\0003\000.\0002\000.\0003\000\040\000l\000i\000n\000k\000e\000d\000l\000i\000s\000t\000\137\000i\000n\000t\000\137\000e\000n\000q\000u\000e\000u\000e\000\050\000\051}{subsection.4.3.2}% 55
\BOOKMARK [3][-]{subsubsection.4.3.2.4}{\376\377\0004\000.\0003\000.\0002\000.\0004\000\040\000l\000i\000n\000k\000e\000d\000l\000i\000s\000t\000\137\000i\000n\000t\000\137\000f\000r\000e\000e\000\050\000\051}{subsection.4.3.2}% 56
\BOOKMARK [3][-]{subsubsection.4.3.2.5}{\376\377\0004\000.\0003\000.\0002\000.\0005\000\040\000l\000i\000n\000k\000e\000d\000l\000i\000s\000t\000\137\000i\000n\000t\000\137\000i\000n\000i\000t\000\050\000\051}{subsection.4.3.2}% 57
\BOOKMARK [3][-]{subsubsection.4.3.2.6}{\376\377\0004\000.\0003\000.\0002\000.\0006\000\040\000l\000i\000n\000k\000e\000d\000l\000i\000s\000t\000\137\000i\000n\000t\000\137\000i\000n\000s\000e\000r\000t\000\050\000\051}{subsection.4.3.2}% 58
\BOOKMARK [3][-]{subsubsection.4.3.2.7}{\376\377\0004\000.\0003\000.\0002\000.\0007\000\040\000l\000i\000n\000k\000e\000d\000l\000i\000s\000t\000\137\000i\000n\000t\000\137\000l\000e\000n\000g\000t\000h\000\050\000\051}{subsection.4.3.2}% 59
\BOOKMARK [3][-]{subsubsection.4.3.2.8}{\376\377\0004\000.\0003\000.\0002\000.\0008\000\040\000l\000i\000n\000k\000e\000d\000l\000i\000s\000t\000\137\000i\000n\000t\000\137\000p\000o\000p\000\050\000\051}{subsection.4.3.2}% 60
\BOOKMARK [3][-]{subsubsection.4.3.2.9}{\376\377\0004\000.\0003\000.\0002\000.\0009\000\040\000l\000i\000n\000k\000e\000d\000l\000i\000s\000t\000\137\000i\000n\000t\000\137\000p\000r\000i\000n\000t\000\050\000\051}{subsection.4.3.2}% 61
\BOOKMARK [3][-]{subsubsection.4.3.2.10}{\376\377\0004\000.\0003\000.\0002\000.\0001\0000\000\040\000l\000i\000n\000k\000e\000d\000l\000i\000s\000t\000\137\000i\000n\000t\000\137\000p\000u\000s\000h\000\050\000\051}{subsection.4.3.2}% 62
\BOOKMARK [3][-]{subsubsection.4.3.2.11}{\376\377\0004\000.\0003\000.\0002\000.\0001\0001\000\040\000l\000i\000n\000k\000e\000d\000l\000i\000s\000t\000\137\000i\000n\000t\000\137\000t\000o\000p\000\050\000\051}{subsection.4.3.2}% 63
\BOOKMARK [3][-]{subsubsection.4.3.2.12}{\376\377\0004\000.\0003\000.\0002\000.\0001\0002\000\040\000n\000o\000d\000e\000C\000r\000e\000a\000t\000e\000\050\000\051}{subsection.4.3.2}% 64
\BOOKMARK [3][-]{subsubsection.4.3.2.13}{\376\377\0004\000.\0003\000.\0002\000.\0001\0003\000\040\000n\000o\000d\000e\000D\000e\000s\000t\000r\000o\000y\000\050\000\051}{subsection.4.3.2}% 65
\BOOKMARK [1][-]{section.4.4}{\376\377\0004\000.\0004\000\040\000c\000o\000m\000m\000o\000n\000/\000s\000r\000c\000/\000r\000a\000n\000d\000o\000m\000.\000c\000\040\000F\000i\000l\000e\000\040\000R\000e\000f\000e\000r\000e\000n\000c\000e}{chapter.4}% 66
\BOOKMARK [2][-]{subsection.4.4.1}{\376\377\0004\000.\0004\000.\0001\000\040\000D\000e\000t\000a\000i\000l\000e\000d\000\040\000D\000e\000s\000c\000r\000i\000p\000t\000i\000o\000n}{section.4.4}% 67
\BOOKMARK [2][-]{subsection.4.4.2}{\376\377\0004\000.\0004\000.\0002\000\040\000F\000u\000n\000c\000t\000i\000o\000n\000\040\000D\000o\000c\000u\000m\000e\000n\000t\000a\000t\000i\000o\000n}{section.4.4}% 68
\BOOKMARK [3][-]{subsubsection.4.4.2.1}{\376\377\0004\000.\0004\000.\0002\000.\0001\000\040\000r\000a\000n\000d\000\137\000b\000e\000r\000n\000o\000u\000l\000l\000i\000\050\000\051}{subsection.4.4.2}% 69
\BOOKMARK [3][-]{subsubsection.4.4.2.2}{\376\377\0004\000.\0004\000.\0002\000.\0002\000\040\000r\000a\000n\000d\000\137\000b\000i\000n\000o\000m\000i\000a\000l\000\050\000\051}{subsection.4.4.2}% 70
\BOOKMARK [3][-]{subsubsection.4.4.2.3}{\376\377\0004\000.\0004\000.\0002\000.\0003\000\040\000r\000a\000n\000d\000\137\000b\000i\000n\000o\000m\000i\000a\000l\000\137\0002\000\050\000\051}{subsection.4.4.2}% 71
\BOOKMARK [1][-]{section.4.5}{\376\377\0004\000.\0005\000\040\000c\000o\000m\000m\000o\000n\000\137\000m\000p\000i\000/\000s\000r\000c\000/\000m\000p\000i\000\137\000l\000o\000g\000i\000c\000.\000c\000\040\000F\000i\000l\000e\000\040\000R\000e\000f\000e\000r\000e\000n\000c\000e}{chapter.4}% 72
\BOOKMARK [2][-]{subsection.4.5.1}{\376\377\0004\000.\0005\000.\0001\000\040\000D\000e\000t\000a\000i\000l\000e\000d\000\040\000D\000e\000s\000c\000r\000i\000p\000t\000i\000o\000n}{section.4.5}% 73
\BOOKMARK [2][-]{subsection.4.5.2}{\376\377\0004\000.\0005\000.\0002\000\040\000F\000u\000n\000c\000t\000i\000o\000n\000\040\000D\000o\000c\000u\000m\000e\000n\000t\000a\000t\000i\000o\000n}{section.4.5}% 74
\BOOKMARK [3][-]{subsubsection.4.5.2.1}{\376\377\0004\000.\0005\000.\0002\000.\0001\000\040\000c\000a\000l\000l\000b\000a\000c\000k\000\050\000\051}{subsection.4.5.2}% 75
\BOOKMARK [3][-]{subsubsection.4.5.2.2}{\376\377\0004\000.\0005\000.\0002\000.\0002\000\040\000m\000a\000s\000t\000e\000r\000\137\000s\000c\000h\000e\000d\000u\000l\000e\000\050\000\051}{subsection.4.5.2}% 76
\BOOKMARK [3][-]{subsubsection.4.5.2.3}{\376\377\0004\000.\0005\000.\0002\000.\0003\000\040\000m\000a\000s\000t\000e\000r\000\137\000w\000o\000r\000k\000\050\000\051}{subsection.4.5.2}% 77
\BOOKMARK [3][-]{subsubsection.4.5.2.4}{\376\377\0004\000.\0005\000.\0002\000.\0004\000\040\000m\000a\000s\000t\000e\000r\000\137\000w\000o\000r\000k\0002\000\050\000\051}{subsection.4.5.2}% 78
\BOOKMARK [3][-]{subsubsection.4.5.2.5}{\376\377\0004\000.\0005\000.\0002\000.\0005\000\040\000s\000l\000a\000v\000e\000\137\000w\000o\000r\000k\000\050\000\051}{subsection.4.5.2}% 79
\BOOKMARK [1][-]{section.4.6}{\376\377\0004\000.\0006\000\040\000t\000o\000o\000l\000s\000/\000r\000s\000g\000/\000s\000r\000c\000/\000m\000a\000i\000n\000.\000c\000\040\000F\000i\000l\000e\000\040\000R\000e\000f\000e\000r\000e\000n\000c\000e}{chapter.4}% 80
\BOOKMARK [2][-]{subsection.4.6.1}{\376\377\0004\000.\0006\000.\0001\000\040\000D\000e\000t\000a\000i\000l\000e\000d\000\040\000D\000e\000s\000c\000r\000i\000p\000t\000i\000o\000n}{section.4.6}% 81
\BOOKMARK [1][-]{section.4.7}{\376\377\0004\000.\0007\000\040\000t\000o\000o\000l\000s\000/\000r\000g\000g\000/\000s\000r\000c\000/\000m\000a\000i\000n\000.\000c\000\040\000F\000i\000l\000e\000\040\000R\000e\000f\000e\000r\000e\000n\000c\000e}{chapter.4}% 82
\BOOKMARK [2][-]{subsection.4.7.1}{\376\377\0004\000.\0007\000.\0001\000\040\000D\000e\000t\000a\000i\000l\000e\000d\000\040\000D\000e\000s\000c\000r\000i\000p\000t\000i\000o\000n}{section.4.7}% 83
\BOOKMARK [1][-]{section.4.8}{\376\377\0004\000.\0008\000\040\000t\000o\000o\000l\000s\000/\000s\000g\000g\000/\000s\000r\000c\000/\000m\000a\000i\000n\000.\000c\000\040\000F\000i\000l\000e\000\040\000R\000e\000f\000e\000r\000e\000n\000c\000e}{chapter.4}% 84
\BOOKMARK [2][-]{subsection.4.8.1}{\376\377\0004\000.\0008\000.\0001\000\040\000D\000e\000t\000a\000i\000l\000e\000d\000\040\000D\000e\000s\000c\000r\000i\000p\000t\000i\000o\000n}{section.4.8}% 85
\BOOKMARK [1][-]{section.4.9}{\376\377\0004\000.\0009\000\040\000t\000o\000o\000l\000s\000/\000p\000r\000i\000n\000t\000-\000S\000C\000C\000/\000s\000r\000c\000/\000m\000a\000i\000n\000.\000c\000\040\000F\000i\000l\000e\000\040\000R\000e\000f\000e\000r\000e\000n\000c\000e}{chapter.4}% 86
\BOOKMARK [2][-]{subsection.4.9.1}{\376\377\0004\000.\0009\000.\0001\000\040\000D\000e\000t\000a\000i\000l\000e\000d\000\040\000D\000e\000s\000c\000r\000i\000p\000t\000i\000o\000n}{section.4.9}% 87
\BOOKMARK [1][-]{section.4.10}{\376\377\0004\000.\0001\0000\000\040\000t\000o\000o\000l\000s\000/\000p\000r\000i\000n\000t\000-\000g\000r\000a\000p\000h\000/\000s\000r\000c\000/\000m\000a\000i\000n\000.\000c\000\040\000F\000i\000l\000e\000\040\000R\000e\000f\000e\000r\000e\000n\000c\000e}{chapter.4}% 88
\BOOKMARK [2][-]{subsection.4.10.1}{\376\377\0004\000.\0001\0000\000.\0001\000\040\000D\000e\000t\000a\000i\000l\000e\000d\000\040\000D\000e\000s\000c\000r\000i\000p\000t\000i\000o\000n}{section.4.10}% 89
\BOOKMARK [1][-]{section.4.11}{\376\377\0004\000.\0001\0001\000\040\000t\000o\000o\000l\000s\000/\000c\000o\000m\000p\000a\000r\000e\000/\000s\000r\000c\000/\000m\000a\000i\000n\000.\000c\000\040\000F\000i\000l\000e\000\040\000R\000e\000f\000e\000r\000e\000n\000c\000e}{chapter.4}% 90
\BOOKMARK [2][-]{subsection.4.11.1}{\376\377\0004\000.\0001\0001\000.\0001\000\040\000D\000e\000t\000a\000i\000l\000e\000d\000\040\000D\000e\000s\000c\000r\000i\000p\000t\000i\000o\000n}{section.4.11}% 91
\BOOKMARK [0][-]{section*.31}{\376\377\000I\000n\000d\000e\000x}{}% 92
